# JRE version: OpenJDK Runtime Environment (11.0.11+9) (build 11.0.11+9-b60-7590822)
# Java VM: OpenJDK 64-Bit Server VM (11.0.11+9-b60-7590822, mixed mode, tiered, compressed oops, g1 gc, windows-amd64)
Heap:
 garbage-first heap   total 227328K, used 102257K [0x0000000080000000, 0x0000000100000000)
  region size 1024K, 9 young (9216K), 9 survivors (9216K)
 Metaspace       used 90595K, capacity 92708K, committed 92964K, reserved 1130496K
  class space    used 11560K, capacity 12369K, committed 12416K, reserved 1048576K
GC Heap History (20 events):
Event: 5.152 GC heap after
{Heap after GC invocations=10 (full 0):
 garbage-first heap   total 157696K, used 27805K [0x0000000080000000, 0x0000000100000000)
  region size 1024K, 9 young (9216K), 9 survivors (9216K)
 Metaspace       used 40363K, capacity 41229K, committed 41472K, reserved 1085440K
  class space    used 5175K, capacity 5538K, committed 5632K, reserved 1048576K
}
Event: 6.017 GC heap before
{Heap before GC invocations=10 (full 0):
 garbage-first heap   total 157696K, used 105629K [0x0000000080000000, 0x0000000100000000)
  region size 1024K, 85 young (87040K), 9 survivors (9216K)
 Metaspace       used 46974K, capacity 48090K, committed 48256K, reserved 1091584K
  class space    used 6025K, capacity 6474K, committed 6528K, reserved 1048576K
}
Event: 6.027 GC heap after
{Heap after GC invocations=11 (full 0):
 garbage-first heap   total 157696K, used 31240K [0x0000000080000000, 0x0000000100000000)
  region size 1024K, 9 young (9216K), 9 survivors (9216K)
 Metaspace       used 46974K, capacity 48090K, committed 48256K, reserved 1091584K
  class space    used 6025K, capacity 6474K, committed 6528K, reserved 1048576K
}
Event: 7.000 GC heap before
{Heap before GC invocations=11 (full 0):
 garbage-first heap   total 157696K, used 124424K [0x0000000080000000, 0x0000000100000000)
  region size 1024K, 92 young (94208K), 9 survivors (9216K)
 Metaspace       used 53084K, capacity 54447K, committed 54656K, reserved 1097728K
  class space    used 6743K, capacity 7273K, committed 7296K, reserved 1048576K
}
Event: 7.011 GC heap after
{Heap after GC invocations=12 (full 0):
 garbage-first heap   total 157696K, used 49152K [0x0000000080000000, 0x0000000100000000)
  region size 1024K, 12 young (12288K), 12 survivors (12288K)
 Metaspace       used 53084K, capacity 54447K, committed 54656K, reserved 1097728K
  class space    used 6743K, capacity 7273K, committed 7296K, reserved 1048576K
}
Event: 7.473 GC heap before
{Heap before GC invocations=12 (full 0):
 garbage-first heap   total 157696K, used 87040K [0x0000000080000000, 0x0000000100000000)
  region size 1024K, 50 young (51200K), 12 survivors (12288K)
 Metaspace       used 58773K, capacity 60117K, committed 60288K, reserved 1101824K
  class space    used 7413K, capacity 7943K, committed 8064K, reserved 1048576K
}
Event: 7.487 GC heap after
{Heap after GC invocations=13 (full 0):
 garbage-first heap   total 157696K, used 52165K [0x0000000080000000, 0x0000000100000000)
  region size 1024K, 3 young (3072K), 3 survivors (3072K)
 Metaspace       used 58773K, capacity 60117K, committed 60288K, reserved 1101824K
  class space    used 7413K, capacity 7943K, committed 8064K, reserved 1048576K
}
Event: 8.181 GC heap before
{Heap before GC invocations=14 (full 0):
 garbage-first heap   total 157696K, used 107461K [0x0000000080000000, 0x0000000100000000)
  region size 1024K, 58 young (59392K), 3 survivors (3072K)
 Metaspace       used 64696K, capacity 66187K, committed 66340K, reserved 1107968K
  class space    used 8154K, capacity 8744K, committed 8832K, reserved 1048576K
}
Event: 8.191 GC heap after
{Heap after GC invocations=15 (full 0):
 garbage-first heap   total 189440K, used 56110K [0x0000000080000000, 0x0000000100000000)
  region size 1024K, 7 young (7168K), 7 survivors (7168K)
 Metaspace       used 64696K, capacity 66187K, committed 66340K, reserved 1107968K
  class space    used 8154K, capacity 8744K, committed 8832K, reserved 1048576K
}
Event: 8.841 GC heap before
{Heap before GC invocations=16 (full 0):
 garbage-first heap   total 189440K, used 127790K [0x0000000080000000, 0x0000000100000000)
  region size 1024K, 76 young (77824K), 7 survivors (7168K)
 Metaspace       used 68027K, capacity 69587K, committed 69796K, reserved 1110016K
  class space    used 8574K, capacity 9164K, committed 9216K, reserved 1048576K
}
Event: 8.850 GC heap after
{Heap after GC invocations=17 (full 0):
 garbage-first heap   total 189440K, used 61240K [0x0000000080000000, 0x0000000100000000)
  region size 1024K, 10 young (10240K), 10 survivors (10240K)
 Metaspace       used 68027K, capacity 69587K, committed 69796K, reserved 1110016K
  class space    used 8574K, capacity 9164K, committed 9216K, reserved 1048576K
}
Event: 9.691 GC heap before
{Heap before GC invocations=17 (full 0):
 garbage-first heap   total 189440K, used 132920K [0x0000000080000000, 0x0000000100000000)
  region size 1024K, 80 young (81920K), 10 survivors (10240K)
 Metaspace       used 75440K, capacity 77060K, committed 77348K, reserved 1116160K
  class space    used 9698K, capacity 10325K, committed 10368K, reserved 1048576K
}
Event: 9.704 GC heap after
{Heap after GC invocations=18 (full 0):
 garbage-first heap   total 189440K, used 65593K [0x0000000080000000, 0x0000000100000000)
  region size 1024K, 10 young (10240K), 10 survivors (10240K)
 Metaspace       used 75440K, capacity 77060K, committed 77348K, reserved 1116160K
  class space    used 9698K, capacity 10325K, committed 10368K, reserved 1048576K
}
Event: 10.532 GC heap before
{Heap before GC invocations=18 (full 0):
 garbage-first heap   total 189440K, used 137273K [0x0000000080000000, 0x0000000100000000)
  region size 1024K, 80 young (81920K), 10 survivors (10240K)
 Metaspace       used 82630K, capacity 84418K, committed 84516K, reserved 1122304K
  class space    used 10676K, capacity 11342K, committed 11392K, reserved 1048576K
}
Event: 10.549 GC heap after
{Heap after GC invocations=19 (full 0):
 garbage-first heap   total 189440K, used 70708K [0x0000000080000000, 0x0000000100000000)
  region size 1024K, 10 young (10240K), 10 survivors (10240K)
 Metaspace       used 82630K, capacity 84418K, committed 84516K, reserved 1122304K
  class space    used 10676K, capacity 11342K, committed 11392K, reserved 1048576K
}
Event: 11.615 GC heap before
{Heap before GC invocations=19 (full 0):
 garbage-first heap   total 189440K, used 141364K [0x0000000080000000, 0x0000000100000000)
  region size 1024K, 80 young (81920K), 10 survivors (10240K)
 Metaspace       used 87180K, capacity 89303K, committed 89636K, reserved 1126400K
  class space    used 11210K, capacity 12033K, committed 12160K, reserved 1048576K
}
Event: 11.631 GC heap after
{Heap after GC invocations=20 (full 0):
 garbage-first heap   total 189440K, used 76436K [0x0000000080000000, 0x0000000100000000)
  region size 1024K, 10 young (10240K), 10 survivors (10240K)
 Metaspace       used 87180K, capacity 89303K, committed 89636K, reserved 1126400K
  class space    used 11210K, capacity 12033K, committed 12160K, reserved 1048576K
}
Event: 12.782 GC heap before
{Heap before GC invocations=20 (full 0):
 garbage-first heap   total 189440K, used 144020K [0x0000000080000000, 0x0000000100000000)
  region size 1024K, 77 young (78848K), 10 survivors (10240K)
 Metaspace       used 88946K, capacity 91036K, committed 91300K, reserved 1128448K
  class space    used 11392K, capacity 12215K, committed 12288K, reserved 1048576K
}
Event: 12.801 GC heap after
{Heap after GC invocations=21 (full 0):
 garbage-first heap   total 189440K, used 85470K [0x0000000080000000, 0x0000000100000000)
  region size 1024K, 9 young (9216K), 9 survivors (9216K)
 Metaspace       used 88946K, capacity 91036K, committed 91300K, reserved 1128448K
  class space    used 11392K, capacity 12215K, committed 12288K, reserved 1048576K
}
Event: 13.571 GC heap before
{Heap before GC invocations=21 (full 0):
 garbage-first heap   total 189440K, used 149982K [0x0000000080000000, 0x0000000100000000)
  region size 1024K, 70 young (71680K), 9 survivors (9216K)
 Metaspace       used 90595K, capacity 92708K, committed 92964K, reserved 1130496K
  class space    used 11560K, capacity 12369K, committed 12416K, reserved 1048576K
}

