# JRE version: OpenJDK Runtime Environment (11.0.11+9) (build 11.0.11+9-b60-7590822)
# Java VM: OpenJDK 64-Bit Server VM (11.0.11+9-b60-7590822, mixed mode, tiered, compressed oops, g1 gc, windows-amd64)
Heap:
 garbage-first heap   total 227328K, used 93652K [0x0000000080000000, 0x0000000100000000)
  region size 1024K, 10 young (10240K), 10 survivors (10240K)
 Metaspace       used 89391K, capacity 91498K, committed 91848K, reserved 1128448K
  class space    used 11480K, capacity 12262K, committed 12364K, reserved 1048576K
GC Heap History (20 events):
Event: 4.425 GC heap after
{Heap after GC invocations=8 (full 0):
 garbage-first heap   total 131072K, used 22797K [0x0000000080000000, 0x0000000100000000)
  region size 1024K, 6 young (6144K), 6 survivors (6144K)
 Metaspace       used 34901K, capacity 35658K, committed 35708K, reserved 1081344K
  class space    used 4539K, capacity 4862K, committed 4864K, reserved 1048576K
}
Event: 5.130 GC heap before
{Heap before GC invocations=9 (full 0):
 garbage-first heap   total 131072K, used 97549K [0x0000000080000000, 0x0000000100000000)
  region size 1024K, 76 young (77824K), 6 survivors (6144K)
 Metaspace       used 40375K, capacity 41283K, committed 41544K, reserved 1085440K
  class space    used 5177K, capacity 5537K, committed 5580K, reserved 1048576K
}
Event: 5.142 GC heap after
{Heap after GC invocations=10 (full 0):
 garbage-first heap   total 157696K, used 28103K [0x0000000080000000, 0x0000000100000000)
  region size 1024K, 9 young (9216K), 9 survivors (9216K)
 Metaspace       used 40375K, capacity 41283K, committed 41544K, reserved 1085440K
  class space    used 5177K, capacity 5537K, committed 5580K, reserved 1048576K
}
Event: 6.061 GC heap before
{Heap before GC invocations=10 (full 0):
 garbage-first heap   total 157696K, used 106951K [0x0000000080000000, 0x0000000100000000)
  region size 1024K, 85 young (87040K), 9 survivors (9216K)
 Metaspace       used 47028K, capacity 48167K, committed 48456K, reserved 1091584K
  class space    used 6036K, capacity 6480K, committed 6604K, reserved 1048576K
}
Event: 6.074 GC heap after
{Heap after GC invocations=11 (full 0):
 garbage-first heap   total 157696K, used 31568K [0x0000000080000000, 0x0000000100000000)
  region size 1024K, 9 young (9216K), 9 survivors (9216K)
 Metaspace       used 47028K, capacity 48167K, committed 48456K, reserved 1091584K
  class space    used 6036K, capacity 6480K, committed 6604K, reserved 1048576K
}
Event: 7.024 GC heap before
{Heap before GC invocations=11 (full 0):
 garbage-first heap   total 157696K, used 125776K [0x0000000080000000, 0x0000000100000000)
  region size 1024K, 92 young (94208K), 9 survivors (9216K)
 Metaspace       used 53095K, capacity 54457K, committed 54600K, reserved 1097728K
  class space    used 6749K, capacity 7277K, committed 7372K, reserved 1048576K
}
Event: 7.035 GC heap after
{Heap after GC invocations=12 (full 0):
 garbage-first heap   total 157696K, used 49612K [0x0000000080000000, 0x0000000100000000)
  region size 1024K, 12 young (12288K), 12 survivors (12288K)
 Metaspace       used 53095K, capacity 54457K, committed 54600K, reserved 1097728K
  class space    used 6749K, capacity 7277K, committed 7372K, reserved 1048576K
}
Event: 7.496 GC heap before
{Heap before GC invocations=12 (full 0):
 garbage-first heap   total 157696K, used 86476K [0x0000000080000000, 0x0000000100000000)
  region size 1024K, 49 young (50176K), 12 survivors (12288K)
 Metaspace       used 58544K, capacity 59900K, committed 60068K, reserved 1101824K
  class space    used 7395K, capacity 7914K, committed 8012K, reserved 1048576K
}
Event: 7.508 GC heap after
{Heap after GC invocations=13 (full 0):
 garbage-first heap   total 157696K, used 52426K [0x0000000080000000, 0x0000000100000000)
  region size 1024K, 3 young (3072K), 3 survivors (3072K)
 Metaspace       used 58544K, capacity 59900K, committed 60068K, reserved 1101824K
  class space    used 7395K, capacity 7914K, committed 8012K, reserved 1048576K
}
Event: 8.194 GC heap before
{Heap before GC invocations=14 (full 0):
 garbage-first heap   total 157696K, used 108746K [0x0000000080000000, 0x0000000100000000)
  region size 1024K, 59 young (60416K), 3 survivors (3072K)
 Metaspace       used 64804K, capacity 66325K, committed 66504K, reserved 1107968K
  class space    used 8169K, capacity 8748K, committed 8780K, reserved 1048576K
}
Event: 8.203 GC heap after
{Heap after GC invocations=15 (full 0):
 garbage-first heap   total 189440K, used 56308K [0x0000000080000000, 0x0000000100000000)
  region size 1024K, 7 young (7168K), 7 survivors (7168K)
 Metaspace       used 64804K, capacity 66325K, committed 66504K, reserved 1107968K
  class space    used 8169K, capacity 8748K, committed 8780K, reserved 1048576K
}
Event: 8.850 GC heap before
{Heap before GC invocations=16 (full 0):
 garbage-first heap   total 189440K, used 130036K [0x0000000080000000, 0x0000000100000000)
  region size 1024K, 78 young (79872K), 7 survivors (7168K)
 Metaspace       used 68226K, capacity 69777K, committed 70088K, reserved 1110016K
  class space    used 8588K, capacity 9164K, committed 9292K, reserved 1048576K
}
Event: 8.860 GC heap after
{Heap after GC invocations=17 (full 0):
 garbage-first heap   total 189440K, used 61346K [0x0000000080000000, 0x0000000100000000)
  region size 1024K, 10 young (10240K), 10 survivors (10240K)
 Metaspace       used 68226K, capacity 69777K, committed 70088K, reserved 1110016K
  class space    used 8588K, capacity 9164K, committed 9292K, reserved 1048576K
}
Event: 9.734 GC heap before
{Heap before GC invocations=17 (full 0):
 garbage-first heap   total 189440K, used 134050K [0x0000000080000000, 0x0000000100000000)
  region size 1024K, 81 young (82944K), 10 survivors (10240K)
 Metaspace       used 75743K, capacity 77421K, committed 77640K, reserved 1116160K
  class space    used 9750K, capacity 10402K, committed 10444K, reserved 1048576K
}
Event: 9.747 GC heap after
{Heap after GC invocations=18 (full 0):
 garbage-first heap   total 189440K, used 66184K [0x0000000080000000, 0x0000000100000000)
  region size 1024K, 10 young (10240K), 10 survivors (10240K)
 Metaspace       used 75743K, capacity 77421K, committed 77640K, reserved 1116160K
  class space    used 9750K, capacity 10402K, committed 10444K, reserved 1048576K
}
Event: 10.605 GC heap before
{Heap before GC invocations=18 (full 0):
 garbage-first heap   total 189440K, used 138888K [0x0000000080000000, 0x0000000100000000)
  region size 1024K, 81 young (82944K), 10 survivors (10240K)
 Metaspace       used 82869K, capacity 84595K, committed 84808K, reserved 1122304K
  class space    used 10705K, capacity 11378K, committed 11468K, reserved 1048576K
}
Event: 10.622 GC heap after
{Heap after GC invocations=19 (full 0):
 garbage-first heap   total 189440K, used 71042K [0x0000000080000000, 0x0000000100000000)
  region size 1024K, 10 young (10240K), 10 survivors (10240K)
 Metaspace       used 82869K, capacity 84595K, committed 84808K, reserved 1122304K
  class space    used 10705K, capacity 11378K, committed 11468K, reserved 1048576K
}
Event: 11.653 GC heap before
{Heap before GC invocations=19 (full 0):
 garbage-first heap   total 189440K, used 142722K [0x0000000080000000, 0x0000000100000000)
  region size 1024K, 81 young (82944K), 10 survivors (10240K)
 Metaspace       used 87179K, capacity 89277K, committed 89544K, reserved 1126400K
  class space    used 11212K, capacity 12024K, committed 12108K, reserved 1048576K
}
Event: 11.673 GC heap after
{Heap after GC invocations=20 (full 0):
 garbage-first heap   total 189440K, used 77824K [0x0000000080000000, 0x0000000100000000)
  region size 1024K, 11 young (11264K), 11 survivors (11264K)
 Metaspace       used 87179K, capacity 89277K, committed 89544K, reserved 1126400K
  class space    used 11212K, capacity 12024K, committed 12108K, reserved 1048576K
}
Event: 13.178 GC heap before
{Heap before GC invocations=20 (full 0):
 garbage-first heap   total 189440K, used 148480K [0x0000000080000000, 0x0000000100000000)
  region size 1024K, 79 young (80896K), 11 survivors (11264K)
 Metaspace       used 89391K, capacity 91498K, committed 91848K, reserved 1128448K
  class space    used 11480K, capacity 12262K, committed 12364K, reserved 1048576K
}

