# JRE version: OpenJDK Runtime Environment (11.0.11+9) (build 11.0.11+9-b60-7590822)
# Java VM: OpenJDK 64-Bit Server VM (11.0.11+9-b60-7590822, mixed mode, tiered, compressed oops, g1 gc, windows-amd64)
Heap:
 garbage-first heap   total 189440K, used 90247K [0x0000000080000000, 0x0000000100000000)
  region size 1024K, 31 young (31744K), 9 survivors (9216K)
 Metaspace       used 83010K, capacity 84793K, committed 84956K, reserved 1122304K
  class space    used 10720K, capacity 11378K, committed 11392K, reserved 1048576K
GC Heap History (20 events):
Event: 4.966 GC heap before
{Heap before GC invocations=6 (full 0):
 garbage-first heap   total 131072K, used 71517K [0x0000000080000000, 0x0000000100000000)
  region size 1024K, 58 young (59392K), 6 survivors (6144K)
 Metaspace       used 35059K, capacity 35858K, committed 36048K, reserved 1081344K
  class space    used 4557K, capacity 4863K, committed 4864K, reserved 1048576K
}
Event: 4.976 GC heap after
{Heap after GC invocations=7 (full 0):
 garbage-first heap   total 131072K, used 22725K [0x0000000080000000, 0x0000000100000000)
  region size 1024K, 6 young (6144K), 6 survivors (6144K)
 Metaspace       used 35059K, capacity 35858K, committed 36048K, reserved 1081344K
  class space    used 4557K, capacity 4863K, committed 4864K, reserved 1048576K
}
Event: 5.627 GC heap before
{Heap before GC invocations=8 (full 0):
 garbage-first heap   total 131072K, used 90309K [0x0000000080000000, 0x0000000100000000)
  region size 1024K, 70 young (71680K), 6 survivors (6144K)
 Metaspace       used 39907K, capacity 40862K, committed 40988K, reserved 1085440K
  class space    used 5100K, capacity 5438K, committed 5504K, reserved 1048576K
}
Event: 5.638 GC heap after
{Heap after GC invocations=9 (full 0):
 garbage-first heap   total 131072K, used 27843K [0x0000000080000000, 0x0000000100000000)
  region size 1024K, 9 young (9216K), 9 survivors (9216K)
 Metaspace       used 39907K, capacity 40862K, committed 40988K, reserved 1085440K
  class space    used 5100K, capacity 5438K, committed 5504K, reserved 1048576K
}
Event: 6.294 GC heap before
{Heap before GC invocations=9 (full 0):
 garbage-first heap   total 131072K, used 94403K [0x0000000080000000, 0x0000000100000000)
  region size 1024K, 73 young (74752K), 9 survivors (9216K)
 Metaspace       used 45836K, capacity 46889K, committed 47004K, reserved 1089536K
  class space    used 5881K, capacity 6287K, committed 6400K, reserved 1048576K
}
Event: 6.305 GC heap after
{Heap after GC invocations=10 (full 0):
 garbage-first heap   total 131072K, used 29696K [0x0000000080000000, 0x0000000100000000)
  region size 1024K, 7 young (7168K), 7 survivors (7168K)
 Metaspace       used 45836K, capacity 46889K, committed 47004K, reserved 1089536K
  class space    used 5881K, capacity 6287K, committed 6400K, reserved 1048576K
}
Event: 7.353 GC heap before
{Heap before GC invocations=10 (full 0):
 garbage-first heap   total 131072K, used 105472K [0x0000000080000000, 0x0000000100000000)
  region size 1024K, 73 young (74752K), 7 survivors (7168K)
 Metaspace       used 48690K, capacity 49910K, committed 50204K, reserved 1093632K
  class space    used 6203K, capacity 6677K, committed 6784K, reserved 1048576K
}
Event: 7.365 GC heap after
{Heap after GC invocations=11 (full 0):
 garbage-first heap   total 157696K, used 48727K [0x0000000080000000, 0x0000000100000000)
  region size 1024K, 10 young (10240K), 10 survivors (10240K)
 Metaspace       used 48690K, capacity 49910K, committed 50204K, reserved 1093632K
  class space    used 6203K, capacity 6677K, committed 6784K, reserved 1048576K
}
Event: 8.208 GC heap before
{Heap before GC invocations=11 (full 0):
 garbage-first heap   total 157696K, used 117335K [0x0000000080000000, 0x0000000100000000)
  region size 1024K, 77 young (78848K), 10 survivors (10240K)
 Metaspace       used 58241K, capacity 59620K, committed 59804K, reserved 1101824K
  class space    used 7339K, capacity 7840K, committed 7936K, reserved 1048576K
}
Event: 8.222 GC heap after
{Heap after GC invocations=12 (full 0):
 garbage-first heap   total 157696K, used 51445K [0x0000000080000000, 0x0000000100000000)
  region size 1024K, 3 young (3072K), 3 survivors (3072K)
 Metaspace       used 58241K, capacity 59620K, committed 59804K, reserved 1101824K
  class space    used 7339K, capacity 7840K, committed 7936K, reserved 1048576K
}
Event: 8.283 GC heap before
{Heap before GC invocations=12 (full 0):
 garbage-first heap   total 157696K, used 54517K [0x0000000080000000, 0x0000000100000000)
  region size 1024K, 7 young (7168K), 3 survivors (3072K)
 Metaspace       used 59163K, capacity 60512K, committed 60636K, reserved 1101824K
  class space    used 7457K, capacity 7988K, committed 8064K, reserved 1048576K
}
Event: 8.287 GC heap after
{Heap after GC invocations=13 (full 0):
 garbage-first heap   total 157696K, used 51430K [0x0000000080000000, 0x0000000100000000)
  region size 1024K, 3 young (3072K), 3 survivors (3072K)
 Metaspace       used 59163K, capacity 60512K, committed 60636K, reserved 1101824K
  class space    used 7457K, capacity 7988K, committed 8064K, reserved 1048576K
}
Event: 9.009 GC heap before
{Heap before GC invocations=14 (full 0):
 garbage-first heap   total 157696K, used 113894K [0x0000000080000000, 0x0000000100000000)
  region size 1024K, 64 young (65536K), 3 survivors (3072K)
 Metaspace       used 65205K, capacity 66610K, committed 66780K, reserved 1107968K
  class space    used 8206K, capacity 8774K, committed 8832K, reserved 1048576K
}
Event: 9.019 GC heap after
{Heap after GC invocations=15 (full 0):
 garbage-first heap   total 157696K, used 56863K [0x0000000080000000, 0x0000000100000000)
  region size 1024K, 8 young (8192K), 8 survivors (8192K)
 Metaspace       used 65205K, capacity 66610K, committed 66780K, reserved 1107968K
  class space    used 8206K, capacity 8774K, committed 8832K, reserved 1048576K
}
Event: 9.530 GC heap before
{Heap before GC invocations=16 (full 0):
 garbage-first heap   total 157696K, used 117279K [0x0000000080000000, 0x0000000100000000)
  region size 1024K, 67 young (68608K), 8 survivors (8192K)
 Metaspace       used 68023K, capacity 69590K, committed 69724K, reserved 1110016K
  class space    used 8574K, capacity 9164K, committed 9216K, reserved 1048576K
}
Event: 9.540 GC heap after
{Heap after GC invocations=17 (full 0):
 garbage-first heap   total 157696K, used 60584K [0x0000000080000000, 0x0000000100000000)
  region size 1024K, 5 young (5120K), 5 survivors (5120K)
 Metaspace       used 68023K, capacity 69590K, committed 69724K, reserved 1110016K
  class space    used 8574K, capacity 9164K, committed 9216K, reserved 1048576K
}
Event: 10.224 GC heap before
{Heap before GC invocations=17 (full 0):
 garbage-first heap   total 157696K, used 119976K [0x0000000080000000, 0x0000000100000000)
  region size 1024K, 63 young (64512K), 5 survivors (5120K)
 Metaspace       used 73993K, capacity 75523K, committed 75740K, reserved 1116160K
  class space    used 9494K, capacity 10095K, committed 10112K, reserved 1048576K
}
Event: 10.233 GC heap after
{Heap after GC invocations=18 (full 0):
 garbage-first heap   total 189440K, used 64023K [0x0000000080000000, 0x0000000100000000)
  region size 1024K, 8 young (8192K), 8 survivors (8192K)
 Metaspace       used 73993K, capacity 75523K, committed 75740K, reserved 1116160K
  class space    used 9494K, capacity 10095K, committed 10112K, reserved 1048576K
}
Event: 11.145 GC heap before
{Heap before GC invocations=18 (full 0):
 garbage-first heap   total 189440K, used 136727K [0x0000000080000000, 0x0000000100000000)
  region size 1024K, 79 young (80896K), 8 survivors (8192K)
 Metaspace       used 81470K, capacity 83202K, committed 83292K, reserved 1122304K
  class space    used 10543K, capacity 11193K, committed 11264K, reserved 1048576K
}
Event: 11.158 GC heap after
{Heap after GC invocations=19 (full 0):
 garbage-first heap   total 189440K, used 68743K [0x0000000080000000, 0x0000000100000000)
  region size 1024K, 9 young (9216K), 9 survivors (9216K)
 Metaspace       used 81470K, capacity 83202K, committed 83292K, reserved 1122304K
  class space    used 10543K, capacity 11193K, committed 11264K, reserved 1048576K
}

